<?xml version="1.0" encoding="UTF-8"?>
<!-- Generated by org.testng.reporters.JUnitXMLReporter -->
<testsuite ignored="29" hostname="DESKTOP-L1CFLLS" failures="0" tests="3" name="Test(failed)(failed)" time="0.113" errors="0" timestamp="2025-07-31T22:46:14 IST">
  <testcase classname="animalsPack.animalClass3" name="ln1" time="0.016"/>
  <testcase classname="animalsPack.animalClass3" name="ltin1" time="0.009"/>
  <testcase classname="animalsPack.animalClass5" name="hm2" time="0.006"/>
  <testcase classname="animalsPack.animalClass5" name="hrs2" time="0.0">
    <ignored/>
  </testcase> <!-- hrs2 -->
  <testcase classname="animalsPack.animalClass3" name="fr1" time="0.0">
    <ignored/>
  </testcase> <!-- fr1 -->
  <testcase classname="animalsPack.animalClass5" name="fr2" time="0.0">
    <ignored/>
  </testcase> <!-- fr2 -->
  <testcase classname="animalsPack.animalClass5" name="mo2" time="0.0">
    <ignored/>
  </testcase> <!-- mo2 -->
  <testcase classname="animalsPack.animalClass5" name="sh2" time="0.0">
    <ignored/>
  </testcase> <!-- sh2 -->
  <testcase classname="animalsPack.animalClass3" name="el1" time="0.0">
    <ignored/>
  </testcase> <!-- el1 -->
  <testcase classname="animalsPack.animalClass3" name="ch1" time="0.0">
    <ignored/>
  </testcase> <!-- ch1 -->
  <testcase classname="animalsPack.animalClass3" name="mo1" time="0.0">
    <ignored/>
  </testcase> <!-- mo1 -->
  <testcase classname="animalsPack.animalClass3" name="cr1" time="0.0">
    <ignored/>
  </testcase> <!-- cr1 -->
  <testcase classname="animalsPack.animalClass5" name="jr2" time="0.0">
    <ignored/>
  </testcase> <!-- jr2 -->
  <testcase classname="animalsPack.animalClass5" name="dg2" time="0.0">
    <ignored/>
  </testcase> <!-- dg2 -->
  <testcase classname="animalsPack.animalClass5" name="ltin2" time="0.0">
    <ignored/>
  </testcase> <!-- ltin2 -->
  <testcase classname="animalsPack.animalClass3" name="to1" time="0.0">
    <ignored/>
  </testcase> <!-- to1 -->
  <testcase classname="animalsPack.animalClass3" name="be1" time="0.0">
    <ignored/>
  </testcase> <!-- be1 -->
  <testcase classname="animalsPack.animalClass5" name="ch2" time="0.0">
    <ignored/>
  </testcase> <!-- ch2 -->
  <testcase classname="animalsPack.animalClass3" name="bk1" time="0.0">
    <ignored/>
  </testcase> <!-- bk1 -->
  <testcase classname="animalsPack.animalClass5" name="cr2" time="0.0">
    <ignored/>
  </testcase> <!-- cr2 -->
  <testcase classname="animalsPack.animalClass3" name="sh1" time="0.0">
    <ignored/>
  </testcase> <!-- sh1 -->
  <testcase classname="animalsPack.animalClass5" name="bk2" time="0.0">
    <ignored/>
  </testcase> <!-- bk2 -->
  <testcase classname="animalsPack.animalClass5" name="ln2" time="0.0">
    <ignored/>
  </testcase> <!-- ln2 -->
  <testcase classname="animalsPack.animalClass5" name="ca2" time="0.0">
    <ignored/>
  </testcase> <!-- ca2 -->
  <testcase classname="animalsPack.animalClass3" name="jr1" time="0.0">
    <ignored/>
  </testcase> <!-- jr1 -->
  <testcase classname="animalsPack.animalClass3" name="ca1" time="0.0">
    <ignored/>
  </testcase> <!-- ca1 -->
  <testcase classname="animalsPack.animalClass5" name="be2" time="0.0">
    <ignored/>
  </testcase> <!-- be2 -->
  <testcase classname="animalsPack.animalClass3" name="hm1" time="0.0">
    <ignored/>
  </testcase> <!-- hm1 -->
  <testcase classname="animalsPack.animalClass5" name="to2" time="0.0">
    <ignored/>
  </testcase> <!-- to2 -->
  <testcase classname="animalsPack.animalClass3" name="hrs" time="0.0">
    <ignored/>
  </testcase> <!-- hrs -->
  <testcase classname="animalsPack.animalClass5" name="el2" time="0.0">
    <ignored/>
  </testcase> <!-- el2 -->
  <testcase classname="animalsPack.animalClass3" name="dg1" time="0.0">
    <ignored/>
  </testcase> <!-- dg1 -->
</testsuite> <!-- Test(failed)(failed) -->
