<?xml version="1.0" encoding="UTF-8"?>
<!-- Generated by org.testng.reporters.JUnitXMLReporter -->
<testsuite ignored="0" hostname="DESKTOP-L1CFLLS" failures="0" tests="3" name="Test" time="5.11" errors="0" timestamp="2025-08-22T17:53:25 IST">
  <testcase classname="parallelpack.parallelclass1" name="add" time="2.023"/>
  <testcase classname="parallelpack.parallelclass1" name="divide" time="3.019"/>
  <testcase classname="parallelpack.parallelclass1" name="mul" time="5.026"/>
</testsuite> <!-- Test -->
