<?xml version="1.0" encoding="UTF-8"?>
<testng-results ignored="0" total="1" passed="1" failed="0" skipped="0">
  <reporter-output>
  </reporter-output>
  <suite started-at="2025-08-16T11:30:15 IST" name="Default suite" finished-at="2025-08-16T11:33:09 IST" duration-ms="173217">
    <groups>
    </groups>
    <test started-at="2025-08-16T11:30:15 IST" name="Default test" finished-at="2025-08-16T11:33:09 IST" duration-ms="173217">
      <class name="runningOrangehrm.executeTestCases">
        <test-method is-config="true" signature="postcondion()[pri:0, instance:runningOrangehrm.executeTestCases@40a4337a]" started-at="2025-08-16T11:30:15 IST" name="postcondion" finished-at="2025-08-16T11:30:17 IST" duration-ms="1556" status="PASS">
          <reporter-output>
          </reporter-output>
        </test-method> <!-- postcondion -->
        <test-method signature="login()[pri:0, instance:runningOrangehrm.executeTestCases@40a4337a]" started-at="2025-08-16T11:30:17 IST" name="login" finished-at="2025-08-16T11:33:09 IST" duration-ms="171605" status="PASS">
          <reporter-output>
          </reporter-output>
        </test-method> <!-- login -->
      </class> <!-- runningOrangehrm.executeTestCases -->
    </test> <!-- Default test -->
  </suite> <!-- Default suite -->
</testng-results>
