<?xml version="1.0" encoding="UTF-8"?>
<testng-results ignored="0" total="1" passed="1" failed="0" skipped="0">
  <reporter-output>
  </reporter-output>
  <suite started-at="2025-08-26T17:13:06 IST" name="Default suite" finished-at="2025-08-26T17:13:13 IST" duration-ms="7786">
    <groups>
    </groups>
    <test started-at="2025-08-26T17:13:06 IST" name="Default test" finished-at="2025-08-26T17:13:13 IST" duration-ms="7786">
      <class name="xpath.cssselector">
        <test-method is-config="true" signature="launchbrowser()[pri:0, instance:xpath.cssselector@41a2befb]" started-at="2025-08-26T17:13:06 IST" name="launchbrowser" finished-at="2025-08-26T17:13:08 IST" duration-ms="2015" status="PASS">
          <reporter-output>
          </reporter-output>
        </test-method> <!-- launchbrowser -->
        <test-method signature="titleafterlogin()[pri:0, instance:xpath.cssselector@41a2befb]" started-at="2025-08-26T17:13:08 IST" name="titleafterlogin" finished-at="2025-08-26T17:13:13 IST" duration-ms="5696" status="PASS">
          <reporter-output>
          </reporter-output>
        </test-method> <!-- titleafterlogin -->
        <test-method is-config="true" signature="closebrowser()[pri:0, instance:xpath.cssselector@41a2befb]" started-at="2025-08-26T17:13:13 IST" name="closebrowser" finished-at="2025-08-26T17:13:13 IST" duration-ms="3" status="PASS">
          <reporter-output>
          </reporter-output>
        </test-method> <!-- closebrowser -->
      </class> <!-- xpath.cssselector -->
    </test> <!-- Default test -->
  </suite> <!-- Default suite -->
</testng-results>
