<?xml version="1.0" encoding="UTF-8"?>
<!-- Generated by org.testng.reporters.JUnitXMLReporter -->
<testsuite ignored="41" hostname="DESKTOP-L1CFLLS" failures="0" tests="7" name="Test(failed)" time="0.178" errors="0" timestamp="2025-08-01T12:42:01 IST">
  <testcase classname="failstestcases.animalClass4" name="to" time="0.013"/>
  <testcase classname="failstestcases.animalClass4" name="hrs" time="0.005"/>
  <testcase classname="failstestcases.animalClass4" name="ln" time="0.004"/>
  <testcase classname="failstestcases.animalClass3" name="ca1" time="0.003"/>
  <testcase classname="failstestcases.animalClass3" name="bk1" time="0.005"/>
  <testcase classname="failstestcases.animalClass5" name="sh2" time="0.002"/>
  <testcase classname="failstestcases.animalClass5" name="ltin2" time="0.004"/>
  <testcase classname="failstestcases.animalClass4" name="jr" time="0.0">
    <ignored/>
  </testcase> <!-- jr -->
  <testcase classname="failstestcases.animalClass3" name="fr1" time="0.0">
    <ignored/>
  </testcase> <!-- fr1 -->
  <testcase classname="failstestcases.animalClass4" name="sh" time="0.0">
    <ignored/>
  </testcase> <!-- sh -->
  <testcase classname="failstestcases.animalClass5" name="ch2" time="0.0">
    <ignored/>
  </testcase> <!-- ch2 -->
  <testcase classname="failstestcases.animalClass4" name="cr" time="0.0">
    <ignored/>
  </testcase> <!-- cr -->
  <testcase classname="failstestcases.animalClass3" name="dg1" time="0.0">
    <ignored/>
  </testcase> <!-- dg1 -->
  <testcase classname="failstestcases.animalClass5" name="el2" time="0.0">
    <ignored/>
  </testcase> <!-- el2 -->
  <testcase classname="failstestcases.animalClass4" name="fr" time="0.0">
    <ignored/>
  </testcase> <!-- fr -->
  <testcase classname="failstestcases.animalClass5" name="hrs2" time="0.0">
    <ignored/>
  </testcase> <!-- hrs2 -->
  <testcase classname="failstestcases.animalClass3" name="hm1" time="0.0">
    <ignored/>
  </testcase> <!-- hm1 -->
  <testcase classname="failstestcases.animalClass3" name="hrs" time="0.0">
    <ignored/>
  </testcase> <!-- hrs -->
  <testcase classname="failstestcases.animalClass5" name="cr2" time="0.0">
    <ignored/>
  </testcase> <!-- cr2 -->
  <testcase classname="failstestcases.animalClass3" name="jr1" time="0.0">
    <ignored/>
  </testcase> <!-- jr1 -->
  <testcase classname="failstestcases.animalClass3" name="ln1" time="0.0">
    <ignored/>
  </testcase> <!-- ln1 -->
  <testcase classname="failstestcases.animalClass5" name="to2" time="0.0">
    <ignored/>
  </testcase> <!-- to2 -->
  <testcase classname="failstestcases.animalClass4" name="ch" time="0.0">
    <ignored/>
  </testcase> <!-- ch -->
  <testcase classname="failstestcases.animalClass4" name="ca" time="0.0">
    <ignored/>
  </testcase> <!-- ca -->
  <testcase classname="failstestcases.animalClass5" name="bk2" time="0.0">
    <ignored/>
  </testcase> <!-- bk2 -->
  <testcase classname="failstestcases.animalClass5" name="ca2" time="0.0">
    <ignored/>
  </testcase> <!-- ca2 -->
  <testcase classname="failstestcases.animalClass4" name="el" time="0.0">
    <ignored/>
  </testcase> <!-- el -->
  <testcase classname="failstestcases.animalClass5" name="ln2" time="0.0">
    <ignored/>
  </testcase> <!-- ln2 -->
  <testcase classname="failstestcases.animalClass5" name="be2" time="0.0">
    <ignored/>
  </testcase> <!-- be2 -->
  <testcase classname="failstestcases.animalClass3" name="cr1" time="0.0">
    <ignored/>
  </testcase> <!-- cr1 -->
  <testcase classname="failstestcases.animalClass5" name="hm2" time="0.0">
    <ignored/>
  </testcase> <!-- hm2 -->
  <testcase classname="failstestcases.animalClass5" name="dg2" time="0.0">
    <ignored/>
  </testcase> <!-- dg2 -->
  <testcase classname="failstestcases.animalClass5" name="jr2" time="0.0">
    <ignored/>
  </testcase> <!-- jr2 -->
  <testcase classname="failstestcases.animalClass4" name="bk" time="0.0">
    <ignored/>
  </testcase> <!-- bk -->
  <testcase classname="failstestcases.animalClass4" name="ltin" time="0.0">
    <ignored/>
  </testcase> <!-- ltin -->
  <testcase classname="failstestcases.animalClass3" name="el1" time="0.0">
    <ignored/>
  </testcase> <!-- el1 -->
  <testcase classname="failstestcases.animalClass3" name="ch1" time="0.0">
    <ignored/>
  </testcase> <!-- ch1 -->
  <testcase classname="failstestcases.animalClass3" name="be1" time="0.0">
    <ignored/>
  </testcase> <!-- be1 -->
  <testcase classname="failstestcases.animalClass5" name="fr2" time="0.0">
    <ignored/>
  </testcase> <!-- fr2 -->
  <testcase classname="failstestcases.animalClass3" name="mo1" time="0.0">
    <ignored/>
  </testcase> <!-- mo1 -->
  <testcase classname="failstestcases.animalClass4" name="hm" time="0.0">
    <ignored/>
  </testcase> <!-- hm -->
  <testcase classname="failstestcases.animalClass3" name="to1" time="0.0">
    <ignored/>
  </testcase> <!-- to1 -->
  <testcase classname="failstestcases.animalClass4" name="dg" time="0.0">
    <ignored/>
  </testcase> <!-- dg -->
  <testcase classname="failstestcases.animalClass4" name="be" time="0.0">
    <ignored/>
  </testcase> <!-- be -->
  <testcase classname="failstestcases.animalClass4" name="mo" time="0.0">
    <ignored/>
  </testcase> <!-- mo -->
  <testcase classname="failstestcases.animalClass5" name="mo2" time="0.0">
    <ignored/>
  </testcase> <!-- mo2 -->
  <testcase classname="failstestcases.animalClass3" name="sh1" time="0.0">
    <ignored/>
  </testcase> <!-- sh1 -->
  <testcase classname="failstestcases.animalClass3" name="ltin1" time="0.0">
    <ignored/>
  </testcase> <!-- ltin1 -->
</testsuite> <!-- Test(failed) -->
